<?xml version="1.0" encoding="UTF-8"?>
<testng-results ignored="0" total="1" passed="1" failed="0" skipped="0">
  <reporter-output>
  </reporter-output>
  <suite started-at="2025-08-08T14:23:44 CEST" name="Gradle suite" finished-at="2025-08-08T14:23:51 CEST" duration-ms="6485">
    <groups>
    </groups>
    <test started-at="2025-08-08T14:23:44 CEST" name="Gradle test" finished-at="2025-08-08T14:23:51 CEST" duration-ms="6485">
      <class name="frontend.ExampleFrontendTest">
        <test-method is-config="true" signature="setUp()[pri:0, instance:frontend.ExampleFrontendTest@11f0a5a1]" started-at="2025-08-08T14:23:44 CEST" name="setUp" finished-at="2025-08-08T14:23:45 CEST" duration-ms="1230" status="PASS">
          <reporter-output>
          </reporter-output>
        </test-method> <!-- setUp -->
        <test-method signature="ifNewUserSuccessfullyRegister()[pri:0, instance:frontend.ExampleFrontendTest@11f0a5a1]" started-at="2025-08-08T14:23:45 CEST" name="ifNewUserSuccessfullyRegister" finished-at="2025-08-08T14:23:51 CEST" duration-ms="5096" status="PASS">
          <reporter-output>
          </reporter-output>
        </test-method> <!-- ifNewUserSuccessfullyRegister -->
        <test-method is-config="true" signature="tearDown()[pri:0, instance:frontend.ExampleFrontendTest@11f0a5a1]" started-at="2025-08-08T14:23:51 CEST" name="tearDown" finished-at="2025-08-08T14:23:51 CEST" duration-ms="135" status="PASS">
          <reporter-output>
          </reporter-output>
        </test-method> <!-- tearDown -->
      </class> <!-- frontend.ExampleFrontendTest -->
    </test> <!-- Gradle test -->
  </suite> <!-- Gradle suite -->
</testng-results>
